0: : log file opened: /var/log/turnserver.log
0: : Listener address to use: 0.0.0.0
0: : 
RFC 3489/5389/5766/5780/6062/6156 STUN/TURN Server
Version Coturn-4.5.2 'dan Eider'
0: : 
Max number of open files/sockets allowed for this process: 1048576
0: : 
Due to the open files/sockets limitation,
max supported number of TURN Sessions possible is: 524000 (approximately)
0: : 

==== Show him the instruments, Practical Frost: ====

0: : TLS supported
0: : DTLS supported
0: : DTLS 1.2 supported
0: : TURN/STUN ALPN supported
0: : Third-party authorization (oAuth) supported
0: : GCM (AEAD) supported
0: : OpenSSL compile-time version: OpenSSL 1.1.1k  25 Mar 2021 (0x101010bf)
0: : 
0: : SQLite supported, default database location is /var/lib/turn/turndb
0: : Redis supported
0: : PostgreSQL supported
0: : MySQL supported
0: : MongoDB is not supported
0: : 
0: : Default Net Engine version: 3 (UDP thread per CPU core)

=====================================================

0: : Domain name: 
0: : Default realm: localhost
0: : 
CONFIGURATION ALERT: You specified --lt-cred-mech and --use-auth-secret in the same time.
Be aware that you could not mix the username/password and the shared secret based auth methods. 
Shared secret overrides username/password based auth method. Check your configuration!
0: : WARNING: cannot find certificate file: turn_server_cert.pem (1)
0: : WARNING: cannot start TLS and DTLS listeners because certificate file is not set properly
0: : WARNING: cannot find private key file: turn_server_pkey.pem (1)
0: : WARNING: cannot start TLS and DTLS listeners because private key file is not set properly
0: : Relay address to use: 0.0.0.0
0: : pid file created: /var/run/turnserver.pid
0: : IO method (main listener thread): epoll (with changelist)
0: : WARNING: I cannot support STUN CHANGE_REQUEST functionality because only one IP address is provided
0: : Wait for relay ports initialization...
0: :   relay 0.0.0.0 initialization...
0: :   relay 0.0.0.0 initialization done
0: : Relay ports initialization done
0: : IO method (general relay thread): epoll (with changelist)
0: : IO method (general relay thread): epoll (with changelist)
0: : IO method (general relay thread): epoll (with changelist)
0: : turn server id=0 created
0: : IO method (general relay thread): epoll (with changelist)
0: : IO method (general relay thread): epoll (with changelist)
0: : IO method (general relay thread): epoll (with changelist)
0: : IO method (general relay thread): epoll (with changelist)
0: : turn server id=2 created
0: : IO method (general relay thread): epoll (with changelist)
0: : turn server id=1 created
0: : IO method (general relay thread): epoll (with changelist)
0: : IO method (general relay thread): epoll (with changelist)
0: : IO method (general relay thread): epoll (with changelist)
0: : IO method (general relay thread): epoll (with changelist)
0: : turn server id=3 created
0: : turn server id=4 created
0: : turn server id=11 created
0: : turn server id=7 created
0: : turn server id=5 created
0: : turn server id=8 created
0: : turn server id=9 created
0: : turn server id=10 created
0: : turn server id=6 created
0: : Total General servers: 12
0: : IO method (auth thread): epoll (with changelist)
0: : IO method (auth thread): epoll (with changelist)
0: : IO method (auth thread): epoll (with changelist)
0: : IO method (auth thread): epoll (with changelist)
0: : IO method (auth thread): epoll (with changelist)
0: : IO method (auth thread): epoll (with changelist)
0: : IO method (admin thread): epoll (with changelist)
0: : SQLite DB connection success: /var/lib/turn/turndb
